<?xml version="1.0" encoding="UTF-8"?>
<testng-results ignored="0" total="1" passed="1" failed="0" skipped="0">
  <reporter-output>
  </reporter-output>
  <suite started-at="2023-05-24T14:22:04 EDT" name="Default suite" finished-at="2023-05-24T14:22:12 EDT" duration-ms="7877">
    <groups>
    </groups>
    <test started-at="2023-05-24T14:22:04 EDT" name="Default test" finished-at="2023-05-24T14:22:12 EDT" duration-ms="7877">
      <class name="pract.test.practicemaven.firsttestng">
        <test-method signature="test1()[pri:0, instance:pract.test.practicemaven.firsttestng@7b9a4292]" started-at="2023-05-24T14:22:04 EDT" name="test1" finished-at="2023-05-24T14:22:12 EDT" duration-ms="7820" status="PASS">
          <reporter-output>
          </reporter-output>
        </test-method> <!-- test1 -->
      </class> <!-- pract.test.practicemaven.firsttestng -->
    </test> <!-- Default test -->
  </suite> <!-- Default suite -->
</testng-results>
