<?xml version="1.0" encoding="UTF-8"?>
<!-- Generated by org.testng.reporters.JUnitXMLReporter -->
<testsuite ignored="0" hostname="LAPTOP-EPRCJ6VN" failures="0" tests="6" name="Test" time="36.738" errors="0" timestamp="2023-05-16T15:53:48 EDT">
  <testcase classname="com.test.MultiTest" name="SelectDropDown" time="1.192"/>
  <testcase classname="com.test.MultiTest" name="MouseHovering" time="1.825"/>
  <testcase classname="com.test.moveovr" name="movetofashn" time="0.661"/>
  <testcase classname="com.test.moveovr" name="movertoethic" time="0.195"/>
  <testcase classname="com.test.moveovr" name="actlick" time="5.176"/>
  <testcase classname="com.test.moveovr" name="actsaara" time="0.142"/>
</testsuite> <!-- Test -->
